[2024-03-15 21:31:17.110] [info]  No state version found, assuming empty state.
[2024-03-15 21:31:17.532] [info]  State version: 26
[2024-03-15 21:31:47.212] [info]  Error: The name is not activatable
[2024-03-15 21:31:47.298] [info]  Error: The name is not activatable
[2024-03-15 21:31:47.298] [info]  Error: The name is not activatable
[2024-03-15 21:31:47.300] [info]  Error: The name is not activatable
[2024-03-15 21:31:47.302] [info]  Error: The name is not activatable
[2024-03-15 21:31:47.309] [error] Error: Cannot start a HubConnection that is not in the 'Disconnected' state.
[2024-03-15 21:31:47.523] [info]  Finished search indexing
[2024-03-15 21:31:48.179] [info]  Finished search indexing
[2024-03-15 21:34:51.632] [error] TypeError: Object has been destroyed
    at WindowMain.<anonymous> (/usr/lib/bitwarden/app.asar/main.js:82374:36)
    at Generator.next (<anonymous>)
    at /usr/lib/bitwarden/app.asar/main.js:82136:71
    at new Promise (<anonymous>)
    at window_main_awaiter (/usr/lib/bitwarden/app.asar/main.js:82132:12)
    at WindowMain.updateWindowState (/usr/lib/bitwarden/app.asar/main.js:82369:16)
    at WindowMain.<anonymous> (/usr/lib/bitwarden/app.asar/main.js:82303:28)
    at Generator.next (<anonymous>)
    at /usr/lib/bitwarden/app.asar/main.js:82136:71
    at new Promise (<anonymous>)
[2024-03-15 21:35:04.373] [info]  State version: 26
[2024-03-15 21:35:04.375] [info]  Migrator MinVersionMigrator (to version 2) should migrate: false - up
[2024-03-15 21:35:04.375] [info]  Migrator FixPremiumMigrator (to version 3) should migrate: false - up
[2024-03-15 21:35:04.375] [info]  Migrator RemoveEverBeenUnlockedMigrator (to version 4) should migrate: false - up
[2024-03-15 21:35:04.375] [info]  Migrator AddKeyTypeToOrgKeysMigrator (to version 5) should migrate: false - up
[2024-03-15 21:35:04.376] [info]  Migrator RemoveLegacyEtmKeyMigrator (to version 6) should migrate: false - up
[2024-03-15 21:35:04.376] [info]  Migrator MoveBiometricAutoPromptToAccount (to version 7) should migrate: false - up
[2024-03-15 21:35:04.376] [info]  Migrator MoveStateVersionMigrator (to version 8) should migrate: false - up
[2024-03-15 21:35:04.376] [info]  Migrator MoveBrowserSettingsToGlobal (to version 9) should migrate: false - up
[2024-03-15 21:35:04.376] [info]  Migrator EverHadUserKeyMigrator (to version 10) should migrate: false - up
[2024-03-15 21:35:04.376] [info]  Migrator OrganizationKeyMigrator (to version 11) should migrate: false - up
[2024-03-15 21:35:04.376] [info]  Migrator MoveEnvironmentStateToProviders (to version 12) should migrate: false - up
[2024-03-15 21:35:04.376] [info]  Migrator ProviderKeyMigrator (to version 13) should migrate: false - up
[2024-03-15 21:35:04.376] [info]  Migrator MoveBiometricClientKeyHalfToStateProviders (to version 14) should migrate: false - up
[2024-03-15 21:35:04.376] [info]  Migrator FolderMigrator (to version 15) should migrate: false - up
[2024-03-15 21:35:04.376] [info]  Migrator LastSyncMigrator (to version 16) should migrate: false - up
[2024-03-15 21:35:04.376] [info]  Migrator EnablePasskeysMigrator (to version 17) should migrate: false - up
[2024-03-15 21:35:04.377] [info]  Migrator AutofillSettingsKeyMigrator (to version 18) should migrate: false - up
[2024-03-15 21:35:04.377] [info]  Migrator RequirePasswordOnStartMigrator (to version 19) should migrate: false - up
[2024-03-15 21:35:04.377] [info]  Migrator PrivateKeyMigrator (to version 20) should migrate: false - up
[2024-03-15 21:35:04.377] [info]  Migrator CollectionMigrator (to version 21) should migrate: false - up
[2024-03-15 21:35:04.377] [info]  Migrator CollapsedGroupingsMigrator (to version 22) should migrate: false - up
[2024-03-15 21:35:04.377] [info]  Migrator MoveBiometricPromptsToStateProviders (to version 23) should migrate: false - up
[2024-03-15 21:35:04.377] [info]  Migrator SmOnboardingTasksMigrator (to version 24) should migrate: false - up
[2024-03-15 21:35:04.377] [info]  Migrator ClearClipboardDelayMigrator (to version 25) should migrate: false - up
[2024-03-15 21:35:04.377] [info]  Migrator RevertLastSyncMigrator (to version 26) should migrate: false - up
[2024-03-15 21:35:04.822] [info]  State version: 26
[2024-03-15 21:35:04.832] [info]  Error: The name is not activatable
[2024-03-15 21:35:04.850] [info]  Error: The name is not activatable
[2024-03-15 21:35:04.853] [info]  Error: The name is not activatable
[2024-03-15 21:35:04.880] [info]  Error: The name is not activatable
[2024-03-15 21:35:04.880] [info]  Error: The name is not activatable
[2024-03-15 21:35:04.910] [info]  Error: The name is not activatable
[2024-03-15 21:35:04.916] [info]  Error: The name is not activatable
[2024-03-15 21:35:05.884] [info]  Error: The name is not activatable
[2024-03-15 21:35:06.176] [info]  Error: The name is not activatable
[2024-03-15 21:35:06.183] [info]  Error: The name is not activatable
[2024-03-15 21:35:06.197] [info]  Error: The name is not activatable
[2024-03-15 21:35:06.198] [info]  Error: The name is not activatable
[2024-03-15 21:35:06.535] [info]  Error: The name is not activatable
[2024-03-15 21:35:07.885] [info]  Error: The name is not activatable
[2024-03-15 21:35:14.860] [info]  Error: The name is not activatable
[2024-03-15 21:35:18.298] [error] TypeError: Object has been destroyed
    at WindowMain.<anonymous> (/usr/lib/bitwarden/app.asar/main.js:82374:36)
    at Generator.next (<anonymous>)
    at /usr/lib/bitwarden/app.asar/main.js:82136:71
    at new Promise (<anonymous>)
    at window_main_awaiter (/usr/lib/bitwarden/app.asar/main.js:82132:12)
    at WindowMain.updateWindowState (/usr/lib/bitwarden/app.asar/main.js:82369:16)
    at WindowMain.<anonymous> (/usr/lib/bitwarden/app.asar/main.js:82303:28)
    at Generator.next (<anonymous>)
    at /usr/lib/bitwarden/app.asar/main.js:82136:71
    at new Promise (<anonymous>)
